<?xml version="1.0" encoding="UTF-8"?>
<robot generator="Robot 3.2.2 (Python 3.7.9 on win32)" generated="20210502 13:25:55.962" rpa="false">
<suite id="s1" name="Herokuapp" source="C:\Users\USER\Desktop\Workshop\Herokuapp.robot">
<test id="s1-t1" name="Login success">
<kw name="Open Herokuapp" library="HerokuappPageKeyword">
<kw name="Open Browser" library="SeleniumLibrary">
<doc>Opens a new browser instance to the optional ``url``.</doc>
<arguments>
<arg>${URLHerokuapp}</arg>
<arg>gc</arg>
</arguments>
<msg timestamp="20210502 13:25:56.168" level="INFO">Opening browser 'gc' to base url 'http://the-internet.herokuapp.com/login'.</msg>
<status status="PASS" starttime="20210502 13:25:56.168" endtime="20210502 13:26:04.140"></status>
</kw>
<kw name="Maximize Browser Window" library="SeleniumLibrary">
<doc>Maximizes current browser window.</doc>
<status status="PASS" starttime="20210502 13:26:04.141" endtime="20210502 13:26:05.266"></status>
</kw>
<status status="PASS" starttime="20210502 13:25:56.167" endtime="20210502 13:26:05.266"></status>
</kw>
<kw name="Login" library="HerokuappPageKeyword">
<arguments>
<arg>tomsmith</arg>
<arg>SuperSecretPassword!</arg>
</arguments>
<kw name="Wait Until Element Is Visible" library="SeleniumLibrary">
<doc>Waits until the element ``locator`` is visible.</doc>
<arguments>
<arg>${txtUsername}</arg>
<arg>${Timeout}</arg>
</arguments>
<status status="PASS" starttime="20210502 13:26:05.267" endtime="20210502 13:26:05.287"></status>
</kw>
<kw name="Input Text" library="SeleniumLibrary">
<doc>Types the given ``text`` into the text field identified by ``locator``.</doc>
<arguments>
<arg>${txtUsername}</arg>
<arg>${Username}</arg>
</arguments>
<msg timestamp="20210502 13:26:05.288" level="INFO">Typing text 'tomsmith' into text field 'xpath=//input[@id="username"]'.</msg>
<status status="PASS" starttime="20210502 13:26:05.287" endtime="20210502 13:26:05.336"></status>
</kw>
<kw name="Input Text" library="SeleniumLibrary">
<doc>Types the given ``text`` into the text field identified by ``locator``.</doc>
<arguments>
<arg>${txtPassword}</arg>
<arg>${Password}</arg>
</arguments>
<msg timestamp="20210502 13:26:05.337" level="INFO">Typing text 'SuperSecretPassword!' into text field 'xpath=//input[@id="password"]'.</msg>
<status status="PASS" starttime="20210502 13:26:05.337" endtime="20210502 13:26:05.405"></status>
</kw>
<kw name="Capture Page Screenshot" library="SeleniumLibrary">
<doc>Takes a screenshot of the current page and embeds it into a log file.</doc>
<arguments>
<arg>Login</arg>
</arguments>
<msg timestamp="20210502 13:26:05.610" level="INFO" html="yes">&lt;/td&gt;&lt;/tr&gt;&lt;tr&gt;&lt;td colspan="3"&gt;&lt;a href="Login"&gt;&lt;img src="Login" width="800px"&gt;&lt;/a&gt;</msg>
<msg timestamp="20210502 13:26:05.610" level="INFO">c:\python37\lib\site-packages\selenium\webdriver\remote\webdriver.py:1031: UserWarning: name used for saved screenshot does not match file type. It should end with a `.png` extension
  "type. It should end with a `.png` extension", UserWarning)</msg>
<status status="PASS" starttime="20210502 13:26:05.405" endtime="20210502 13:26:05.611"></status>
</kw>
<kw name="Click Element" library="SeleniumLibrary">
<doc>Click the element identified by ``locator``.</doc>
<arguments>
<arg>${btnLogin}</arg>
</arguments>
<msg timestamp="20210502 13:26:05.611" level="INFO">Clicking element 'xpath=//button[@type="submit"]'.</msg>
<status status="PASS" starttime="20210502 13:26:05.611" endtime="20210502 13:26:10.143"></status>
</kw>
<status status="PASS" starttime="20210502 13:26:05.266" endtime="20210502 13:26:10.143"></status>
</kw>
<kw name="Verify Login and Logout Success" library="HerokuappPageKeyword">
<kw name="Wait Until Element Contains" library="SeleniumLibrary">
<doc>Waits until the element ``locator`` contains ``text``.</doc>
<arguments>
<arg>${lblYouLogged}</arg>
<arg>${msgLoginSuccess}</arg>
<arg>${Timeout}</arg>
</arguments>
<status status="PASS" starttime="20210502 13:26:10.144" endtime="20210502 13:26:10.172"></status>
</kw>
<kw name="Capture Page Screenshot" library="SeleniumLibrary">
<doc>Takes a screenshot of the current page and embeds it into a log file.</doc>
<arguments>
<arg>Verify Login Success</arg>
</arguments>
<msg timestamp="20210502 13:26:10.357" level="INFO" html="yes">&lt;/td&gt;&lt;/tr&gt;&lt;tr&gt;&lt;td colspan="3"&gt;&lt;a href="Verify%20Login%20Success"&gt;&lt;img src="Verify%20Login%20Success" width="800px"&gt;&lt;/a&gt;</msg>
<status status="PASS" starttime="20210502 13:26:10.172" endtime="20210502 13:26:10.357"></status>
</kw>
<kw name="Click Element" library="SeleniumLibrary">
<doc>Click the element identified by ``locator``.</doc>
<arguments>
<arg>${btnLogout}</arg>
</arguments>
<msg timestamp="20210502 13:26:10.358" level="INFO">Clicking element 'xpath=//*[@class="button secondary radius"]'.</msg>
<status status="PASS" starttime="20210502 13:26:10.357" endtime="20210502 13:26:10.976"></status>
</kw>
<kw name="Wait Until Element Contains" library="SeleniumLibrary">
<doc>Waits until the element ``locator`` contains ``text``.</doc>
<arguments>
<arg>${lblYouLogged}</arg>
<arg>${msgLogoutSuccess}</arg>
<arg>${Timeout}</arg>
</arguments>
<status status="PASS" starttime="20210502 13:26:10.976" endtime="20210502 13:26:10.995"></status>
</kw>
<kw name="Capture Page Screenshot" library="SeleniumLibrary">
<doc>Takes a screenshot of the current page and embeds it into a log file.</doc>
<arguments>
<arg>Verify Logout Success</arg>
</arguments>
<msg timestamp="20210502 13:26:11.159" level="INFO" html="yes">&lt;/td&gt;&lt;/tr&gt;&lt;tr&gt;&lt;td colspan="3"&gt;&lt;a href="Verify%20Logout%20Success"&gt;&lt;img src="Verify%20Logout%20Success" width="800px"&gt;&lt;/a&gt;</msg>
<status status="PASS" starttime="20210502 13:26:10.995" endtime="20210502 13:26:11.159"></status>
</kw>
<status status="PASS" starttime="20210502 13:26:10.144" endtime="20210502 13:26:11.159"></status>
</kw>
<kw name="Close Browser" library="SeleniumLibrary" type="teardown">
<doc>Closes the current browser.</doc>
<status status="PASS" starttime="20210502 13:26:11.159" endtime="20210502 13:26:14.222"></status>
</kw>
<status status="PASS" starttime="20210502 13:25:56.166" endtime="20210502 13:26:14.223" critical="yes"></status>
</test>
<test id="s1-t2" name="Login failed - Password incorrect">
<kw name="Open Herokuapp" library="HerokuappPageKeyword">
<kw name="Open Browser" library="SeleniumLibrary">
<doc>Opens a new browser instance to the optional ``url``.</doc>
<arguments>
<arg>${URLHerokuapp}</arg>
<arg>gc</arg>
</arguments>
<msg timestamp="20210502 13:26:14.232" level="INFO">Opening browser 'gc' to base url 'http://the-internet.herokuapp.com/login'.</msg>
<status status="PASS" starttime="20210502 13:26:14.231" endtime="20210502 13:26:22.203"></status>
</kw>
<kw name="Maximize Browser Window" library="SeleniumLibrary">
<doc>Maximizes current browser window.</doc>
<status status="PASS" starttime="20210502 13:26:22.203" endtime="20210502 13:26:23.317"></status>
</kw>
<status status="PASS" starttime="20210502 13:26:14.230" endtime="20210502 13:26:23.317"></status>
</kw>
<kw name="Login" library="HerokuappPageKeyword">
<arguments>
<arg>tomsmith</arg>
<arg>Password!</arg>
</arguments>
<kw name="Wait Until Element Is Visible" library="SeleniumLibrary">
<doc>Waits until the element ``locator`` is visible.</doc>
<arguments>
<arg>${txtUsername}</arg>
<arg>${Timeout}</arg>
</arguments>
<status status="PASS" starttime="20210502 13:26:23.318" endtime="20210502 13:26:23.339"></status>
</kw>
<kw name="Input Text" library="SeleniumLibrary">
<doc>Types the given ``text`` into the text field identified by ``locator``.</doc>
<arguments>
<arg>${txtUsername}</arg>
<arg>${Username}</arg>
</arguments>
<msg timestamp="20210502 13:26:23.340" level="INFO">Typing text 'tomsmith' into text field 'xpath=//input[@id="username"]'.</msg>
<status status="PASS" starttime="20210502 13:26:23.339" endtime="20210502 13:26:23.389"></status>
</kw>
<kw name="Input Text" library="SeleniumLibrary">
<doc>Types the given ``text`` into the text field identified by ``locator``.</doc>
<arguments>
<arg>${txtPassword}</arg>
<arg>${Password}</arg>
</arguments>
<msg timestamp="20210502 13:26:23.390" level="INFO">Typing text 'Password!' into text field 'xpath=//input[@id="password"]'.</msg>
<status status="PASS" starttime="20210502 13:26:23.390" endtime="20210502 13:26:23.445"></status>
</kw>
<kw name="Capture Page Screenshot" library="SeleniumLibrary">
<doc>Takes a screenshot of the current page and embeds it into a log file.</doc>
<arguments>
<arg>Login</arg>
</arguments>
<msg timestamp="20210502 13:26:23.609" level="INFO" html="yes">&lt;/td&gt;&lt;/tr&gt;&lt;tr&gt;&lt;td colspan="3"&gt;&lt;a href="Login"&gt;&lt;img src="Login" width="800px"&gt;&lt;/a&gt;</msg>
<status status="PASS" starttime="20210502 13:26:23.445" endtime="20210502 13:26:23.609"></status>
</kw>
<kw name="Click Element" library="SeleniumLibrary">
<doc>Click the element identified by ``locator``.</doc>
<arguments>
<arg>${btnLogin}</arg>
</arguments>
<msg timestamp="20210502 13:26:23.610" level="INFO">Clicking element 'xpath=//button[@type="submit"]'.</msg>
<status status="PASS" starttime="20210502 13:26:23.610" endtime="20210502 13:26:27.900"></status>
</kw>
<status status="PASS" starttime="20210502 13:26:23.317" endtime="20210502 13:26:27.901"></status>
</kw>
<kw name="Verify Login Failed Case Password incorrect" library="HerokuappPageKeyword">
<kw name="Wait Until Element Contains" library="SeleniumLibrary">
<doc>Waits until the element ``locator`` contains ``text``.</doc>
<arguments>
<arg>${lblYouLogged}</arg>
<arg>${msgIncorrectPassword}</arg>
<arg>${Timeout}</arg>
</arguments>
<status status="PASS" starttime="20210502 13:26:27.902" endtime="20210502 13:26:27.925"></status>
</kw>
<kw name="Capture Page Screenshot" library="SeleniumLibrary">
<doc>Takes a screenshot of the current page and embeds it into a log file.</doc>
<arguments>
<arg>Verify Login Failed Case Password incorrect</arg>
</arguments>
<msg timestamp="20210502 13:26:28.092" level="INFO" html="yes">&lt;/td&gt;&lt;/tr&gt;&lt;tr&gt;&lt;td colspan="3"&gt;&lt;a href="Verify%20Login%20Failed%20Case%20Password%20incorrect"&gt;&lt;img src="Verify%20Login%20Failed%20Case%20Password%20incorrect" width="800px"&gt;&lt;/a&gt;</msg>
<status status="PASS" starttime="20210502 13:26:27.925" endtime="20210502 13:26:28.092"></status>
</kw>
<status status="PASS" starttime="20210502 13:26:27.901" endtime="20210502 13:26:28.093"></status>
</kw>
<kw name="Close Browser" library="SeleniumLibrary" type="teardown">
<doc>Closes the current browser.</doc>
<status status="PASS" starttime="20210502 13:26:28.093" endtime="20210502 13:26:31.208"></status>
</kw>
<status status="PASS" starttime="20210502 13:26:14.228" endtime="20210502 13:26:31.208" critical="yes"></status>
</test>
<test id="s1-t3" name="Login failed - Username not found">
<kw name="Open Herokuapp" library="HerokuappPageKeyword">
<kw name="Open Browser" library="SeleniumLibrary">
<doc>Opens a new browser instance to the optional ``url``.</doc>
<arguments>
<arg>${URLHerokuapp}</arg>
<arg>gc</arg>
</arguments>
<msg timestamp="20210502 13:26:31.210" level="INFO">Opening browser 'gc' to base url 'http://the-internet.herokuapp.com/login'.</msg>
<status status="PASS" starttime="20210502 13:26:31.210" endtime="20210502 13:26:39.629"></status>
</kw>
<kw name="Maximize Browser Window" library="SeleniumLibrary">
<doc>Maximizes current browser window.</doc>
<status status="PASS" starttime="20210502 13:26:39.630" endtime="20210502 13:26:40.759"></status>
</kw>
<status status="PASS" starttime="20210502 13:26:31.209" endtime="20210502 13:26:40.760"></status>
</kw>
<kw name="Login" library="HerokuappPageKeyword">
<arguments>
<arg>tomholland</arg>
<arg>Password!</arg>
</arguments>
<kw name="Wait Until Element Is Visible" library="SeleniumLibrary">
<doc>Waits until the element ``locator`` is visible.</doc>
<arguments>
<arg>${txtUsername}</arg>
<arg>${Timeout}</arg>
</arguments>
<status status="PASS" starttime="20210502 13:26:40.760" endtime="20210502 13:26:40.780"></status>
</kw>
<kw name="Input Text" library="SeleniumLibrary">
<doc>Types the given ``text`` into the text field identified by ``locator``.</doc>
<arguments>
<arg>${txtUsername}</arg>
<arg>${Username}</arg>
</arguments>
<msg timestamp="20210502 13:26:40.781" level="INFO">Typing text 'tomholland' into text field 'xpath=//input[@id="username"]'.</msg>
<status status="PASS" starttime="20210502 13:26:40.780" endtime="20210502 13:26:40.834"></status>
</kw>
<kw name="Input Text" library="SeleniumLibrary">
<doc>Types the given ``text`` into the text field identified by ``locator``.</doc>
<arguments>
<arg>${txtPassword}</arg>
<arg>${Password}</arg>
</arguments>
<msg timestamp="20210502 13:26:40.834" level="INFO">Typing text 'Password!' into text field 'xpath=//input[@id="password"]'.</msg>
<status status="PASS" starttime="20210502 13:26:40.834" endtime="20210502 13:26:40.887"></status>
</kw>
<kw name="Capture Page Screenshot" library="SeleniumLibrary">
<doc>Takes a screenshot of the current page and embeds it into a log file.</doc>
<arguments>
<arg>Login</arg>
</arguments>
<msg timestamp="20210502 13:26:41.078" level="INFO" html="yes">&lt;/td&gt;&lt;/tr&gt;&lt;tr&gt;&lt;td colspan="3"&gt;&lt;a href="Login"&gt;&lt;img src="Login" width="800px"&gt;&lt;/a&gt;</msg>
<status status="PASS" starttime="20210502 13:26:40.887" endtime="20210502 13:26:41.078"></status>
</kw>
<kw name="Click Element" library="SeleniumLibrary">
<doc>Click the element identified by ``locator``.</doc>
<arguments>
<arg>${btnLogin}</arg>
</arguments>
<msg timestamp="20210502 13:26:41.079" level="INFO">Clicking element 'xpath=//button[@type="submit"]'.</msg>
<status status="PASS" starttime="20210502 13:26:41.079" endtime="20210502 13:26:42.491"></status>
</kw>
<status status="PASS" starttime="20210502 13:26:40.760" endtime="20210502 13:26:42.492"></status>
</kw>
<kw name="Verify Login Failed Case Username Not Found" library="HerokuappPageKeyword">
<kw name="Wait Until Element Contains" library="SeleniumLibrary">
<doc>Waits until the element ``locator`` contains ``text``.</doc>
<arguments>
<arg>${lblYouLogged}</arg>
<arg>${msgUsernameNotFound}</arg>
<arg>${Timeout}</arg>
</arguments>
<status status="PASS" starttime="20210502 13:26:42.492" endtime="20210502 13:26:42.516"></status>
</kw>
<kw name="Capture Page Screenshot" library="SeleniumLibrary">
<doc>Takes a screenshot of the current page and embeds it into a log file.</doc>
<arguments>
<arg>Verify Login Failed Case Username Not Found</arg>
</arguments>
<msg timestamp="20210502 13:26:42.714" level="INFO" html="yes">&lt;/td&gt;&lt;/tr&gt;&lt;tr&gt;&lt;td colspan="3"&gt;&lt;a href="Verify%20Login%20Failed%20Case%20Username%20Not%20Found"&gt;&lt;img src="Verify%20Login%20Failed%20Case%20Username%20Not%20Found" width="800px"&gt;&lt;/a&gt;</msg>
<status status="PASS" starttime="20210502 13:26:42.516" endtime="20210502 13:26:42.714"></status>
</kw>
<status status="PASS" starttime="20210502 13:26:42.492" endtime="20210502 13:26:42.715"></status>
</kw>
<kw name="Close Browser" library="SeleniumLibrary" type="teardown">
<doc>Closes the current browser.</doc>
<status status="PASS" starttime="20210502 13:26:42.715" endtime="20210502 13:26:45.850"></status>
</kw>
<status status="PASS" starttime="20210502 13:26:31.209" endtime="20210502 13:26:45.851" critical="yes"></status>
</test>
<status status="PASS" starttime="20210502 13:25:55.963" endtime="20210502 13:26:45.853"></status>
</suite>
<statistics>
<total>
<stat pass="3" fail="0">Critical Tests</stat>
<stat pass="3" fail="0">All Tests</stat>
</total>
<tag>
</tag>
<suite>
<stat pass="3" fail="0" id="s1" name="Herokuapp">Herokuapp</stat>
</suite>
</statistics>
<errors>
</errors>
</robot>
